<?xml version="1.0" encoding="UTF-8"?>
<!-- Generated by org.testng.reporters.JUnitXMLReporter -->
<testsuite hostname="Neeraja-QA01-PC" name="loans" tests="1" failures="1" timestamp="27 Mar 2018 07:47:16 GMT" time="0.025" errors="0">
  <testcase name="logIn" time="0.013" classname="usPayments.Login">
    <failure type="java.lang.NullPointerException">
      <![CDATA[java.lang.NullPointerException
	at usPayments.Login.logIn(Login.java:47)
... Removed 24 stack frames]]>
    </failure>
  </testcase> <!-- logIn -->
</testsuite> <!-- loans -->
