<?xml version="1.0" encoding="UTF-8"?>
<!-- Generated by org.testng.reporters.JUnitXMLReporter -->
<testsuite hostname="Neeraja-QA01-PC" name="loans" tests="1" failures="0" timestamp="26 Mar 2018 11:37:34 GMT" time="23.854" errors="0">
  <testcase name="@AfterMethod handle" time="0.0" classname="framework.Login">
    <failure type="java.lang.NullPointerException">
      <![CDATA[java.lang.NullPointerException
	at actions.ReportActionKeys.endParent(ReportActionKeys.java:102)
	at framework.Login.handle(Login.java:25)
... Removed 29 stack frames]]>
    </failure>
  </testcase> <!-- @AfterMethod handle -->
  <testcase name="login" time="23.832" classname="framework.Login"/>
</testsuite> <!-- loans -->
