<?xml version="1.0" encoding="UTF-8"?>
<testsuite xmlns:xsi="http://www.w3.org/2001/XMLSchema-instance" xsi:schemaLocation="https://maven.apache.org/surefire/maven-surefire-plugin/xsd/surefire-test-report.xsd" name="TestSuite" time="14.871" tests="1" errors="0" skipped="0" failures="1">
  <properties>
[...]
</properties>
  <testcase name="login" classname="framework.Login" time="14.412">
    <failure message="expected [Wings - Banking Application Software] but found [IRIS - Banking Application Software]" type="java.lang.AssertionError">java.lang.AssertionError: expected [Wings - Banking Application Software] but found [IRIS - Banking Application Software]
	at framework.Login.login(Login.java:15)
</failure>
    <system-out><![CDATA[openBrowser--firefox--Open Firefox Browser---0--0
-------> browser called
setReportLocation--C:\\Report\\wings.html--'setReportLocation---0--0
----------->    method called
startTestInReport--Wings Login--startTestInReport---0--0
goToURL--http://192.168.0.32:9090/Base_4.8.0_1/Login/SlogParent.jsp--Go to Flipkart website---0--0
writeLogInfo--URL Opened--writeLogInCaseOfPass---0--0
input-//input[@id='txtUserId']-Admin-001--Enter user name---0--0
writeLogInfo--username entered --writeLogInCaseOfPass---0--0
input-//input[@id='txtPassWd']-vsofthyd--Enter password---0--0
writeLogInfo--password entered --writeLogInCaseOfPass---0--0
addScreenShotInReport--login--addScreenShotInReport---0--0
clickBtn-//input[@id='Button1']---Click Login Button---0--0
FirefoxDriver: firefox on WINDOWS (df91240c-029e-4da4-893d-38d32ba11937)
click
//input[@id='Button1']
true
windowhandle----WindowHandle---0--0
sleeping----Sleeping---0--0
VerifyTitle--Wings - Banking Application Software--VerifyTitle---0--0
]]></system-out>
    <system-err><![CDATA[log4j:WARN No appenders could be found for logger (org.apache.http.client.protocol.RequestAddCookies).
log4j:WARN Please initialize the log4j system properly.
log4j:WARN See http://logging.apache.org/log4j/1.2/faq.html#noconfig for more info.
Mar 12, 2018 7:13:14 PM com.relevantcodes.extentreports.ExtentReports loadConfig
WARNING: Unable to perform report configuration. The file D:\sree\wings\config.xml was not found.
]]></system-err>
  </testcase>
</testsuite>