<?xml version="1.0" encoding="UTF-8"?>
<testng-results skipped="0" failed="0" total="1" passed="1">
  <reporter-output>
  </reporter-output>
  <suite name="Suite1" duration-ms="17315" started-at="2018-03-21T06:25:59Z" finished-at="2018-03-21T06:26:17Z">
    <groups>
    </groups>
    <test name="loans" duration-ms="17315" started-at="2018-03-21T06:25:59Z" finished-at="2018-03-21T06:26:17Z">
      <class name="framework.Login">
        <test-method status="PASS" signature="login()[pri:0, instance:framework.Login@e26948]" name="login" duration-ms="16408" started-at="2018-03-21T11:55:59Z" finished-at="2018-03-21T11:56:16Z">
          <reporter-output>
          </reporter-output>
        </test-method> <!-- login -->
        <test-method status="PASS" signature="handle()[pri:0, instance:framework.Login@e26948]" name="handle" is-config="true" duration-ms="892" started-at="2018-03-21T11:56:16Z" finished-at="2018-03-21T11:56:17Z">
          <reporter-output>
          </reporter-output>
        </test-method> <!-- handle -->
      </class> <!-- framework.Login -->
    </test> <!-- loans -->
  </suite> <!-- Suite1 -->
</testng-results>
