<?xml version="1.0" encoding="UTF-8"?>
<testng-results skipped="0" failed="0" total="1" passed="1">
  <reporter-output>
  </reporter-output>
  <suite name="Suite1" duration-ms="28975" started-at="2018-03-27T10:24:57Z" finished-at="2018-03-27T10:25:26Z">
    <groups>
    </groups>
    <test name="loans" duration-ms="28975" started-at="2018-03-27T10:24:57Z" finished-at="2018-03-27T10:25:26Z">
      <class name="usPayments.Login">
        <test-method status="PASS" signature="logIn(java.lang.String)[pri:0, instance:usPayments.Login@1622fdf]" name="logIn" duration-ms="28963" started-at="2018-03-27T15:54:57Z" finished-at="2018-03-27T15:55:26Z">
          <params>
            <param index="0">
              <value>
                <![CDATA[login.xls]]>
              </value>
            </param>
          </params>
          <reporter-output>
          </reporter-output>
        </test-method> <!-- logIn -->
      </class> <!-- usPayments.Login -->
    </test> <!-- loans -->
  </suite> <!-- Suite1 -->
</testng-results>
