<?xml version="1.0" encoding="UTF-8"?>
<testng-results skipped="0" failed="0" total="1" passed="1">
  <reporter-output>
  </reporter-output>
  <suite name="Suite1" duration-ms="2383302" started-at="2018-04-02T07:17:00Z" finished-at="2018-04-02T07:56:44Z">
    <groups>
    </groups>
    <test name="loans" duration-ms="2383302" started-at="2018-04-02T07:17:00Z" finished-at="2018-04-02T07:56:44Z">
      <class name="usPayments.Login">
        <test-method status="PASS" signature="logIn(java.lang.String)[pri:0, instance:usPayments.Login@2a67b4]" name="logIn" duration-ms="2383286" started-at="2018-04-02T12:47:00Z" finished-at="2018-04-02T13:26:44Z">
          <params>
            <param index="0">
              <value>
                <![CDATA[onviewpaymentsmanager609navigations.xls]]>
              </value>
            </param>
          </params>
          <reporter-output>
          </reporter-output>
        </test-method> <!-- logIn -->
      </class> <!-- usPayments.Login -->
    </test> <!-- loans -->
  </suite> <!-- Suite1 -->
</testng-results>
